Analysis & Synthesis report for Lab4
Tue Oct 13 10:39:52 2020
Quartus II Version 9.1 Build 350 03/24/2010 Service Pack 2 SJ Web Edition


---------------------
; Table of Contents ;
---------------------
  1. Legal Notice
  2. Analysis & Synthesis Summary
  3. Analysis & Synthesis Settings
  4. Parallel Compilation
  5. Analysis & Synthesis Source Files Read
  6. Analysis & Synthesis Resource Usage Summary
  7. Analysis & Synthesis Resource Utilization by Entity
  8. Analysis & Synthesis RAM Summary
  9. General Register Statistics
 10. Source assignments for lpm_counter0:inst1|lpm_counter:lpm_counter_component
 11. Source assignments for lpm_rom0:inst|altsyncram:altsyncram_component|altsyncram_7g71:auto_generated
 12. Parameter Settings for User Entity Instance: lpm_compare0:inst5|lpm_compare:lpm_compare_component
 13. Parameter Settings for User Entity Instance: lpm_counter0:inst1|lpm_counter:lpm_counter_component
 14. Parameter Settings for User Entity Instance: lpm_add_sub0:inst2|lpm_add_sub:lpm_add_sub_component
 15. Parameter Settings for User Entity Instance: lpm_bustri0:inst8|lpm_bustri:lpm_bustri_component
 16. Parameter Settings for User Entity Instance: lpm_rom0:inst
 17. Parameter Settings for User Entity Instance: lpm_rom0:inst|altsyncram:altsyncram_component
 18. altsyncram Parameter Settings by Entity Instance
 19. Analysis & Synthesis Messages



----------------
; Legal Notice ;
----------------
Copyright (C) 1991-2010 Altera Corporation
Your use of Altera Corporation's design tools, logic functions 
and other software and tools, and its AMPP partner logic 
functions, and any output files from any of the foregoing 
(including device programming or simulation files), and any 
associated documentation or information are expressly subject 
to the terms and conditions of the Altera Program License 
Subscription Agreement, Altera MegaCore Function License 
Agreement, or other applicable license agreement, including, 
without limitation, that your use is for the sole purpose of 
programming logic devices manufactured by Altera and sold by 
Altera or its authorized distributors.  Please refer to the 
applicable agreement for further details.



+------------------------------------------------------------------------------+
; Analysis & Synthesis Summary                                                 ;
+-------------------------------+----------------------------------------------+
; Analysis & Synthesis Status   ; Successful - Tue Oct 13 10:39:52 2020        ;
; Quartus II Version            ; 9.1 Build 350 03/24/2010 SP 2 SJ Web Edition ;
; Revision Name                 ; Lab4                                         ;
; Top-level Entity Name         ; ROM                                          ;
; Family                        ; Stratix II                                   ;
; Logic utilization             ; N/A                                          ;
;     Combinational ALUTs       ; 15                                           ;
;     Dedicated logic registers ; 7                                            ;
; Total registers               ; 7                                            ;
; Total pins                    ; 35                                           ;
; Total virtual pins            ; 0                                            ;
; Total block memory bits       ; 576                                          ;
; DSP block 9-bit elements      ; 0                                            ;
; Total PLLs                    ; 0                                            ;
; Total DLLs                    ; 0                                            ;
+-------------------------------+----------------------------------------------+


+----------------------------------------------------------------------------------------------------------------------+
; Analysis & Synthesis Settings                                                                                        ;
+----------------------------------------------------------------------------+--------------------+--------------------+
; Option                                                                     ; Setting            ; Default Value      ;
+----------------------------------------------------------------------------+--------------------+--------------------+
; Top-level entity name                                                      ; ROM                ; Lab4               ;
; Family name                                                                ; Stratix II         ; Stratix II         ;
; Use Generated Physical Constraints File                                    ; Off                ;                    ;
; Use smart compilation                                                      ; Off                ; Off                ;
; Enable parallel Assembler and TimeQuest Timing Analyzer during compilation ; On                 ; On                 ;
; Enable compact report table                                                ; Off                ; Off                ;
; Restructure Multiplexers                                                   ; Auto               ; Auto               ;
; Create Debugging Nodes for IP Cores                                        ; Off                ; Off                ;
; Preserve fewer node names                                                  ; On                 ; On                 ;
; Disable OpenCore Plus hardware evaluation                                  ; Off                ; Off                ;
; Verilog Version                                                            ; Verilog_2001       ; Verilog_2001       ;
; VHDL Version                                                               ; VHDL_1993          ; VHDL_1993          ;
; State Machine Processing                                                   ; Auto               ; Auto               ;
; Safe State Machine                                                         ; Off                ; Off                ;
; Extract Verilog State Machines                                             ; On                 ; On                 ;
; Extract VHDL State Machines                                                ; On                 ; On                 ;
; Ignore Verilog initial constructs                                          ; Off                ; Off                ;
; Iteration limit for constant Verilog loops                                 ; 5000               ; 5000               ;
; Iteration limit for non-constant Verilog loops                             ; 250                ; 250                ;
; Add Pass-Through Logic to Inferred RAMs                                    ; On                 ; On                 ;
; Parallel Synthesis                                                         ; On                 ; On                 ;
; DSP Block Balancing                                                        ; Auto               ; Auto               ;
; NOT Gate Push-Back                                                         ; On                 ; On                 ;
; Power-Up Don't Care                                                        ; On                 ; On                 ;
; Remove Redundant Logic Cells                                               ; Off                ; Off                ;
; Remove Duplicate Registers                                                 ; On                 ; On                 ;
; Ignore CARRY Buffers                                                       ; Off                ; Off                ;
; Ignore CASCADE Buffers                                                     ; Off                ; Off                ;
; Ignore GLOBAL Buffers                                                      ; Off                ; Off                ;
; Ignore ROW GLOBAL Buffers                                                  ; Off                ; Off                ;
; Ignore LCELL Buffers                                                       ; Off                ; Off                ;
; Ignore SOFT Buffers                                                        ; On                 ; On                 ;
; Limit AHDL Integers to 32 Bits                                             ; Off                ; Off                ;
; Optimization Technique                                                     ; Balanced           ; Balanced           ;
; Carry Chain Length                                                         ; 70                 ; 70                 ;
; Auto Carry Chains                                                          ; On                 ; On                 ;
; Auto Open-Drain Pins                                                       ; On                 ; On                 ;
; Perform WYSIWYG Primitive Resynthesis                                      ; Off                ; Off                ;
; Auto ROM Replacement                                                       ; On                 ; On                 ;
; Auto RAM Replacement                                                       ; On                 ; On                 ;
; Auto DSP Block Replacement                                                 ; On                 ; On                 ;
; Auto Shift Register Replacement                                            ; Auto               ; Auto               ;
; Auto Clock Enable Replacement                                              ; On                 ; On                 ;
; Strict RAM Replacement                                                     ; Off                ; Off                ;
; Allow Synchronous Control Signals                                          ; On                 ; On                 ;
; Force Use of Synchronous Clear Signals                                     ; Off                ; Off                ;
; Auto RAM Block Balancing                                                   ; On                 ; On                 ;
; Auto RAM to Logic Cell Conversion                                          ; Off                ; Off                ;
; Auto Resource Sharing                                                      ; Off                ; Off                ;
; Allow Any RAM Size For Recognition                                         ; Off                ; Off                ;
; Allow Any ROM Size For Recognition                                         ; Off                ; Off                ;
; Allow Any Shift Register Size For Recognition                              ; Off                ; Off                ;
; Use LogicLock Constraints during Resource Balancing                        ; On                 ; On                 ;
; Ignore translate_off and synthesis_off directives                          ; Off                ; Off                ;
; Timing-Driven Synthesis                                                    ; Off                ; Off                ;
; Show Parameter Settings Tables in Synthesis Report                         ; On                 ; On                 ;
; Ignore Maximum Fan-Out Assignments                                         ; Off                ; Off                ;
; Synchronization Register Chain Length                                      ; 2                  ; 2                  ;
; PowerPlay Power Optimization                                               ; Normal compilation ; Normal compilation ;
; HDL message level                                                          ; Level2             ; Level2             ;
; Suppress Register Optimization Related Messages                            ; Off                ; Off                ;
; Number of Removed Registers Reported in Synthesis Report                   ; 5000               ; 5000               ;
; Number of Inverted Registers Reported in Synthesis Report                  ; 100                ; 100                ;
; Clock MUX Protection                                                       ; On                 ; On                 ;
; Auto Gated Clock Conversion                                                ; Off                ; Off                ;
; Block Design Naming                                                        ; Auto               ; Auto               ;
; SDC constraint protection                                                  ; Off                ; Off                ;
; Synthesis Effort                                                           ; Auto               ; Auto               ;
; Shift Register Replacement - Allow Asynchronous Clear Signal               ; On                 ; On                 ;
; Analysis & Synthesis Message Level                                         ; Medium             ; Medium             ;
; Disable Register Merging Across Hierarchies                                ; Auto               ; Auto               ;
; Resource Aware Inference For Block RAM                                     ; On                 ; On                 ;
+----------------------------------------------------------------------------+--------------------+--------------------+


Parallel compilation was disabled, but you have multiple processors available. Enable parallel compilation to reduce compilation time.
+-------------------------------------+
; Parallel Compilation                ;
+----------------------------+--------+
; Processors                 ; Number ;
+----------------------------+--------+
; Number detected on machine ; 4      ;
; Maximum allowed            ; 1      ;
+----------------------------+--------+


+---------------------------------------------------------------------------------------------------------------------------------------------------------------+
; Analysis & Synthesis Source Files Read                                                                                                                        ;
+----------------------------------+-----------------+----------------------------------------+-----------------------------------------------------------------+
; File Name with User-Entered Path ; Used in Netlist ; File Type                              ; File Name with Absolute Path                                    ;
+----------------------------------+-----------------+----------------------------------------+-----------------------------------------------------------------+
; lpm_add_sub0.tdf                 ; yes             ; User Wizard-Generated File             ; C:/altera/91sp2/quartus/SiFO/Lab4/lpm_add_sub0.tdf              ;
; lpm_bustri0.tdf                  ; yes             ; User Wizard-Generated File             ; C:/altera/91sp2/quartus/SiFO/Lab4/lpm_bustri0.tdf               ;
; lpm_compare0.tdf                 ; yes             ; User Wizard-Generated File             ; C:/altera/91sp2/quartus/SiFO/Lab4/lpm_compare0.tdf              ;
; lpm_counter0.tdf                 ; yes             ; User Wizard-Generated File             ; C:/altera/91sp2/quartus/SiFO/Lab4/lpm_counter0.tdf              ;
; lpm_rom0.tdf                     ; yes             ; User Wizard-Generated File             ; C:/altera/91sp2/quartus/SiFO/Lab4/lpm_rom0.tdf                  ;
; ROM.bdf                          ; yes             ; User Block Diagram/Schematic File      ; C:/altera/91sp2/quartus/SiFO/Lab4/ROM.bdf                       ;
; lpm_add_sub.inc                  ; yes             ; Megafunction                           ; c:/altera/91sp2/quartus/libraries/megafunctions/lpm_add_sub.inc ;
; lpm_bustri.inc                   ; yes             ; Auto-Found AHDL File                   ; c:/altera/91sp2/quartus/libraries/megafunctions/lpm_bustri.inc  ;
; lpm_compare.inc                  ; yes             ; Megafunction                           ; c:/altera/91sp2/quartus/libraries/megafunctions/lpm_compare.inc ;
; lpm_counter.inc                  ; yes             ; Megafunction                           ; c:/altera/91sp2/quartus/libraries/megafunctions/lpm_counter.inc ;
; altsyncram.inc                   ; yes             ; Auto-Found AHDL File                   ; c:/altera/91sp2/quartus/libraries/megafunctions/altsyncram.inc  ;
; lpm_compare.tdf                  ; yes             ; Megafunction                           ; c:/altera/91sp2/quartus/libraries/megafunctions/lpm_compare.tdf ;
; db/cmpr_k8j.tdf                  ; yes             ; Auto-Generated Megafunction            ; C:/altera/91sp2/quartus/SiFO/Lab4/db/cmpr_k8j.tdf               ;
; lpm_counter.tdf                  ; yes             ; Megafunction                           ; c:/altera/91sp2/quartus/libraries/megafunctions/lpm_counter.tdf ;
; db/cntr_94i.tdf                  ; yes             ; Auto-Generated Megafunction            ; C:/altera/91sp2/quartus/SiFO/Lab4/db/cntr_94i.tdf               ;
; lpm_add_sub.tdf                  ; yes             ; Megafunction                           ; c:/altera/91sp2/quartus/libraries/megafunctions/lpm_add_sub.tdf ;
; db/add_sub_clh.tdf               ; yes             ; Auto-Generated Megafunction            ; C:/altera/91sp2/quartus/SiFO/Lab4/db/add_sub_clh.tdf            ;
; lpm_bustri.tdf                   ; yes             ; Megafunction                           ; c:/altera/91sp2/quartus/libraries/megafunctions/lpm_bustri.tdf  ;
; altsyncram.tdf                   ; yes             ; Megafunction                           ; c:/altera/91sp2/quartus/libraries/megafunctions/altsyncram.tdf  ;
; db/altsyncram_7g71.tdf           ; yes             ; Auto-Generated Megafunction            ; C:/altera/91sp2/quartus/SiFO/Lab4/db/altsyncram_7g71.tdf        ;
; rom.mif                          ; yes             ; Auto-Found Memory Initialization File  ; C:/altera/91sp2/quartus/SiFO/Lab4/rom.mif                       ;
+----------------------------------+-----------------+----------------------------------------+-----------------------------------------------------------------+


+-------------------------------------------------------+
; Analysis & Synthesis Resource Usage Summary           ;
+-----------------------------------------------+-------+
; Resource                                      ; Usage ;
+-----------------------------------------------+-------+
; Estimated ALUTs Used                          ; 15    ;
; Dedicated logic registers                     ; 7     ;
;                                               ;       ;
; Estimated ALUTs Unavailable                   ; 1     ;
;                                               ;       ;
; Total combinational functions                 ; 15    ;
; Combinational ALUT usage by number of inputs  ;       ;
;     -- 7 input functions                      ; 0     ;
;     -- 6 input functions                      ; 1     ;
;     -- 5 input functions                      ; 0     ;
;     -- 4 input functions                      ; 0     ;
;     -- <=3 input functions                    ; 14    ;
;                                               ;       ;
; Combinational ALUTs by mode                   ;       ;
;     -- normal mode                            ; 3     ;
;     -- extended LUT mode                      ; 0     ;
;     -- arithmetic mode                        ; 12    ;
;     -- shared arithmetic mode                 ; 0     ;
;                                               ;       ;
; Estimated ALUT/register pairs used            ; 16    ;
;                                               ;       ;
; Total registers                               ; 7     ;
;     -- Dedicated logic registers              ; 7     ;
;     -- I/O registers                          ; 0     ;
;                                               ;       ;
; Estimated ALMs:  partially or completely used ; 8     ;
;                                               ;       ;
; I/O pins                                      ; 35    ;
; Total block memory bits                       ; 576   ;
; Maximum fan-out node                          ; inst6 ;
; Maximum fan-out                               ; 16    ;
; Total fan-out                                 ; 153   ;
; Average fan-out                               ; 2.32  ;
+-----------------------------------------------+-------+


+-------------------------------------------------------------------------------------------------------------------------------------------------------------------------------------------------------------------------------------------------------------------------------+
; Analysis & Synthesis Resource Utilization by Entity                                                                                                                                                                                                                           ;
+-------------------------------------------+-------------------+--------------+-------------------+--------------+---------+-----------+-----------+------+--------------+--------------------------------------------------------------------------------------+--------------+
; Compilation Hierarchy Node                ; LC Combinationals ; LC Registers ; Block Memory Bits ; DSP Elements ; DSP 9x9 ; DSP 18x18 ; DSP 36x36 ; Pins ; Virtual Pins ; Full Hierarchy Name                                                                  ; Library Name ;
+-------------------------------------------+-------------------+--------------+-------------------+--------------+---------+-----------+-----------+------+--------------+--------------------------------------------------------------------------------------+--------------+
; |ROM                                      ; 15 (2)            ; 7 (1)        ; 576               ; 0            ; 0       ; 0         ; 0         ; 35   ; 0            ; |ROM                                                                                 ; work         ;
;    |lpm_add_sub0:inst2|                   ; 6 (0)             ; 0 (0)        ; 0                 ; 0            ; 0       ; 0         ; 0         ; 0    ; 0            ; |ROM|lpm_add_sub0:inst2                                                              ; work         ;
;       |lpm_add_sub:lpm_add_sub_component| ; 6 (0)             ; 0 (0)        ; 0                 ; 0            ; 0       ; 0         ; 0         ; 0    ; 0            ; |ROM|lpm_add_sub0:inst2|lpm_add_sub:lpm_add_sub_component                            ;              ;
;          |add_sub_clh:auto_generated|     ; 6 (6)             ; 0 (0)        ; 0                 ; 0            ; 0       ; 0         ; 0         ; 0    ; 0            ; |ROM|lpm_add_sub0:inst2|lpm_add_sub:lpm_add_sub_component|add_sub_clh:auto_generated ; work         ;
;    |lpm_compare0:inst5|                   ; 1 (0)             ; 0 (0)        ; 0                 ; 0            ; 0       ; 0         ; 0         ; 0    ; 0            ; |ROM|lpm_compare0:inst5                                                              ;              ;
;       |lpm_compare:lpm_compare_component| ; 1 (0)             ; 0 (0)        ; 0                 ; 0            ; 0       ; 0         ; 0         ; 0    ; 0            ; |ROM|lpm_compare0:inst5|lpm_compare:lpm_compare_component                            ; work         ;
;          |cmpr_k8j:auto_generated|        ; 1 (1)             ; 0 (0)        ; 0                 ; 0            ; 0       ; 0         ; 0         ; 0    ; 0            ; |ROM|lpm_compare0:inst5|lpm_compare:lpm_compare_component|cmpr_k8j:auto_generated    ; work         ;
;    |lpm_counter0:inst1|                   ; 6 (0)             ; 6 (0)        ; 0                 ; 0            ; 0       ; 0         ; 0         ; 0    ; 0            ; |ROM|lpm_counter0:inst1                                                              ; work         ;
;       |lpm_counter:lpm_counter_component| ; 6 (0)             ; 6 (0)        ; 0                 ; 0            ; 0       ; 0         ; 0         ; 0    ; 0            ; |ROM|lpm_counter0:inst1|lpm_counter:lpm_counter_component                            ; work         ;
;          |cntr_94i:auto_generated|        ; 6 (6)             ; 6 (6)        ; 0                 ; 0            ; 0       ; 0         ; 0         ; 0    ; 0            ; |ROM|lpm_counter0:inst1|lpm_counter:lpm_counter_component|cntr_94i:auto_generated    ;              ;
;    |lpm_rom0:inst|                        ; 0 (0)             ; 0 (0)        ; 576               ; 0            ; 0       ; 0         ; 0         ; 0    ; 0            ; |ROM|lpm_rom0:inst                                                                   ; work         ;
;       |altsyncram:altsyncram_component|   ; 0 (0)             ; 0 (0)        ; 576               ; 0            ; 0       ; 0         ; 0         ; 0    ; 0            ; |ROM|lpm_rom0:inst|altsyncram:altsyncram_component                                   ; work         ;
;          |altsyncram_7g71:auto_generated| ; 0 (0)             ; 0 (0)        ; 576               ; 0            ; 0       ; 0         ; 0         ; 0    ; 0            ; |ROM|lpm_rom0:inst|altsyncram:altsyncram_component|altsyncram_7g71:auto_generated    ; work         ;
+-------------------------------------------+-------------------+--------------+-------------------+--------------+---------+-----------+-----------+------+--------------+--------------------------------------------------------------------------------------+--------------+
Note: For table entries with two numbers listed, the numbers in parentheses indicate the number of resources of the given type used by the specific entity alone. The numbers listed outside of parentheses indicate the total resources of the given type used by the specific entity and all of its sub-entities in the hierarchy.


+------------------------------------------------------------------------------------------------------------------------------------------------------------------------------------+
; Analysis & Synthesis RAM Summary                                                                                                                                                   ;
+-----------------------------------------------------------------------------------------+------+------+--------------+--------------+--------------+--------------+------+---------+
; Name                                                                                    ; Type ; Mode ; Port A Depth ; Port A Width ; Port B Depth ; Port B Width ; Size ; MIF     ;
+-----------------------------------------------------------------------------------------+------+------+--------------+--------------+--------------+--------------+------+---------+
; lpm_rom0:inst|altsyncram:altsyncram_component|altsyncram_7g71:auto_generated|ALTSYNCRAM ; AUTO ; ROM  ; 64           ; 9            ; --           ; --           ; 576  ; ROM.mif ;
+-----------------------------------------------------------------------------------------+------+------+--------------+--------------+--------------+--------------+------+---------+


+------------------------------------------------------+
; General Register Statistics                          ;
+----------------------------------------------+-------+
; Statistic                                    ; Value ;
+----------------------------------------------+-------+
; Total registers                              ; 7     ;
; Number of registers using Synchronous Clear  ; 0     ;
; Number of registers using Synchronous Load   ; 0     ;
; Number of registers using Asynchronous Clear ; 1     ;
; Number of registers using Asynchronous Load  ; 6     ;
; Number of registers using Clock Enable       ; 0     ;
; Number of registers using Preset             ; 0     ;
+----------------------------------------------+-------+


+-----------------------------------------------------------------------------+
; Source assignments for lpm_counter0:inst1|lpm_counter:lpm_counter_component ;
+---------------------------+-------+------+----------------------------------+
; Assignment                ; Value ; From ; To                               ;
+---------------------------+-------+------+----------------------------------+
; SUPPRESS_DA_RULE_INTERNAL ; a101  ; -    ; -                                ;
; SUPPRESS_DA_RULE_INTERNAL ; s102  ; -    ; -                                ;
; SUPPRESS_DA_RULE_INTERNAL ; s103  ; -    ; -                                ;
+---------------------------+-------+------+----------------------------------+


+-----------------------------------------------------------------------------------------------------+
; Source assignments for lpm_rom0:inst|altsyncram:altsyncram_component|altsyncram_7g71:auto_generated ;
+---------------------------------+--------------------+------+---------------------------------------+
; Assignment                      ; Value              ; From ; To                                    ;
+---------------------------------+--------------------+------+---------------------------------------+
; OPTIMIZE_POWER_DURING_SYNTHESIS ; NORMAL_COMPILATION ; -    ; -                                     ;
+---------------------------------+--------------------+------+---------------------------------------+


+---------------------------------------------------------------------------------------------------+
; Parameter Settings for User Entity Instance: lpm_compare0:inst5|lpm_compare:lpm_compare_component ;
+------------------------+------------+-------------------------------------------------------------+
; Parameter Name         ; Value      ; Type                                                        ;
+------------------------+------------+-------------------------------------------------------------+
; lpm_width              ; 6          ; Untyped                                                     ;
; LPM_REPRESENTATION     ; UNSIGNED   ; Untyped                                                     ;
; LPM_PIPELINE           ; 0          ; Untyped                                                     ;
; CHAIN_SIZE             ; 8          ; Untyped                                                     ;
; ONE_INPUT_IS_CONSTANT  ; YES        ; Untyped                                                     ;
; CARRY_CHAIN            ; MANUAL     ; Untyped                                                     ;
; CASCADE_CHAIN          ; MANUAL     ; Untyped                                                     ;
; CARRY_CHAIN_LENGTH     ; 48         ; CARRY_CHAIN_LENGTH                                          ;
; CASCADE_CHAIN_LENGTH   ; 2          ; CASCADE_CHAIN_LENGTH                                        ;
; DEVICE_FAMILY          ; Stratix II ; Untyped                                                     ;
; CBXI_PARAMETER         ; cmpr_k8j   ; Untyped                                                     ;
; AUTO_CARRY_CHAINS      ; ON         ; AUTO_CARRY                                                  ;
; IGNORE_CARRY_BUFFERS   ; OFF        ; IGNORE_CARRY                                                ;
; AUTO_CASCADE_CHAINS    ; ON         ; AUTO_CASCADE                                                ;
; IGNORE_CASCADE_BUFFERS ; OFF        ; IGNORE_CASCADE                                              ;
+------------------------+------------+-------------------------------------------------------------+
Note: In order to hide this table in the UI and the text report file, please set the "Show Parameter Settings Tables in Synthesis Report" option in "Analysis and Synthesis Settings -> More Settings" to "Off".


+---------------------------------------------------------------------------------------------------+
; Parameter Settings for User Entity Instance: lpm_counter0:inst1|lpm_counter:lpm_counter_component ;
+------------------------+-------------+------------------------------------------------------------+
; Parameter Name         ; Value       ; Type                                                       ;
+------------------------+-------------+------------------------------------------------------------+
; AUTO_CARRY_CHAINS      ; ON          ; AUTO_CARRY                                                 ;
; IGNORE_CARRY_BUFFERS   ; OFF         ; IGNORE_CARRY                                               ;
; AUTO_CASCADE_CHAINS    ; ON          ; AUTO_CASCADE                                               ;
; IGNORE_CASCADE_BUFFERS ; OFF         ; IGNORE_CASCADE                                             ;
; LPM_WIDTH              ; 6           ; Untyped                                                    ;
; LPM_DIRECTION          ; UP          ; Untyped                                                    ;
; LPM_MODULUS            ; 0           ; Untyped                                                    ;
; LPM_AVALUE             ; UNUSED      ; Untyped                                                    ;
; LPM_SVALUE             ; UNUSED      ; Untyped                                                    ;
; LPM_PORT_UPDOWN        ; PORT_UNUSED ; Untyped                                                    ;
; DEVICE_FAMILY          ; Stratix II  ; Untyped                                                    ;
; CARRY_CHAIN            ; MANUAL      ; Untyped                                                    ;
; CARRY_CHAIN_LENGTH     ; 48          ; CARRY_CHAIN_LENGTH                                         ;
; NOT_GATE_PUSH_BACK     ; ON          ; NOT_GATE_PUSH_BACK                                         ;
; CARRY_CNT_EN           ; SMART       ; Untyped                                                    ;
; LABWIDE_SCLR           ; ON          ; Untyped                                                    ;
; USE_NEW_VERSION        ; TRUE        ; Untyped                                                    ;
; CBXI_PARAMETER         ; cntr_94i    ; Untyped                                                    ;
+------------------------+-------------+------------------------------------------------------------+
Note: In order to hide this table in the UI and the text report file, please set the "Show Parameter Settings Tables in Synthesis Report" option in "Analysis and Synthesis Settings -> More Settings" to "Off".


+---------------------------------------------------------------------------------------------------+
; Parameter Settings for User Entity Instance: lpm_add_sub0:inst2|lpm_add_sub:lpm_add_sub_component ;
+------------------------+-------------+------------------------------------------------------------+
; Parameter Name         ; Value       ; Type                                                       ;
+------------------------+-------------+------------------------------------------------------------+
; LPM_WIDTH              ; 6           ; Untyped                                                    ;
; LPM_REPRESENTATION     ; UNSIGNED    ; Untyped                                                    ;
; LPM_DIRECTION          ; ADD         ; Untyped                                                    ;
; ONE_INPUT_IS_CONSTANT  ; NO          ; Untyped                                                    ;
; LPM_PIPELINE           ; 0           ; Untyped                                                    ;
; MAXIMIZE_SPEED         ; 5           ; Untyped                                                    ;
; REGISTERED_AT_END      ; 0           ; Untyped                                                    ;
; OPTIMIZE_FOR_SPEED     ; 5           ; Untyped                                                    ;
; USE_CS_BUFFERS         ; 1           ; Untyped                                                    ;
; CARRY_CHAIN            ; MANUAL      ; Untyped                                                    ;
; CARRY_CHAIN_LENGTH     ; 48          ; CARRY_CHAIN_LENGTH                                         ;
; DEVICE_FAMILY          ; Stratix II  ; Untyped                                                    ;
; USE_WYS                ; OFF         ; Untyped                                                    ;
; STYLE                  ; FAST        ; Untyped                                                    ;
; CBXI_PARAMETER         ; add_sub_clh ; Untyped                                                    ;
; AUTO_CARRY_CHAINS      ; ON          ; AUTO_CARRY                                                 ;
; IGNORE_CARRY_BUFFERS   ; OFF         ; IGNORE_CARRY                                               ;
; AUTO_CASCADE_CHAINS    ; ON          ; AUTO_CASCADE                                               ;
; IGNORE_CASCADE_BUFFERS ; OFF         ; IGNORE_CASCADE                                             ;
+------------------------+-------------+------------------------------------------------------------+
Note: In order to hide this table in the UI and the text report file, please set the "Show Parameter Settings Tables in Synthesis Report" option in "Analysis and Synthesis Settings -> More Settings" to "Off".


+------------------------------------------------------------------------------------------------+
; Parameter Settings for User Entity Instance: lpm_bustri0:inst8|lpm_bustri:lpm_bustri_component ;
+----------------+-------+-----------------------------------------------------------------------+
; Parameter Name ; Value ; Type                                                                  ;
+----------------+-------+-----------------------------------------------------------------------+
; LPM_WIDTH      ; 9     ; Untyped                                                               ;
+----------------+-------+-----------------------------------------------------------------------+
Note: In order to hide this table in the UI and the text report file, please set the "Show Parameter Settings Tables in Synthesis Report" option in "Analysis and Synthesis Settings -> More Settings" to "Off".


+------------------------------------------------------------+
; Parameter Settings for User Entity Instance: lpm_rom0:inst ;
+-----------------+-------+----------------------------------+
; Parameter Name  ; Value ; Type                             ;
+-----------------+-------+----------------------------------+
; WIDTH_BYTEENA_A ; 1     ; Untyped                          ;
; WIDTH_BYTEENA_B ; 1     ; Untyped                          ;
+-----------------+-------+----------------------------------+
Note: In order to hide this table in the UI and the text report file, please set the "Show Parameter Settings Tables in Synthesis Report" option in "Analysis and Synthesis Settings -> More Settings" to "Off".


+--------------------------------------------------------------------------------------------+
; Parameter Settings for User Entity Instance: lpm_rom0:inst|altsyncram:altsyncram_component ;
+------------------------------------+----------------------+--------------------------------+
; Parameter Name                     ; Value                ; Type                           ;
+------------------------------------+----------------------+--------------------------------+
; BYTE_SIZE_BLOCK                    ; 8                    ; Untyped                        ;
; AUTO_CARRY_CHAINS                  ; ON                   ; AUTO_CARRY                     ;
; IGNORE_CARRY_BUFFERS               ; OFF                  ; IGNORE_CARRY                   ;
; AUTO_CASCADE_CHAINS                ; ON                   ; AUTO_CASCADE                   ;
; IGNORE_CASCADE_BUFFERS             ; OFF                  ; IGNORE_CASCADE                 ;
; WIDTH_BYTEENA                      ; 1                    ; Untyped                        ;
; OPERATION_MODE                     ; ROM                  ; Untyped                        ;
; WIDTH_A                            ; 9                    ; Untyped                        ;
; WIDTHAD_A                          ; 6                    ; Untyped                        ;
; NUMWORDS_A                         ; 64                   ; Untyped                        ;
; OUTDATA_REG_A                      ; UNREGISTERED         ; Untyped                        ;
; ADDRESS_ACLR_A                     ; NONE                 ; Untyped                        ;
; OUTDATA_ACLR_A                     ; NONE                 ; Untyped                        ;
; WRCONTROL_ACLR_A                   ; NONE                 ; Untyped                        ;
; INDATA_ACLR_A                      ; NONE                 ; Untyped                        ;
; BYTEENA_ACLR_A                     ; NONE                 ; Untyped                        ;
; WIDTH_B                            ; 1                    ; Untyped                        ;
; WIDTHAD_B                          ; 1                    ; Untyped                        ;
; NUMWORDS_B                         ; 1                    ; Untyped                        ;
; INDATA_REG_B                       ; CLOCK1               ; Untyped                        ;
; WRCONTROL_WRADDRESS_REG_B          ; CLOCK1               ; Untyped                        ;
; RDCONTROL_REG_B                    ; CLOCK1               ; Untyped                        ;
; ADDRESS_REG_B                      ; CLOCK1               ; Untyped                        ;
; OUTDATA_REG_B                      ; UNREGISTERED         ; Untyped                        ;
; BYTEENA_REG_B                      ; CLOCK1               ; Untyped                        ;
; INDATA_ACLR_B                      ; NONE                 ; Untyped                        ;
; WRCONTROL_ACLR_B                   ; NONE                 ; Untyped                        ;
; ADDRESS_ACLR_B                     ; NONE                 ; Untyped                        ;
; OUTDATA_ACLR_B                     ; NONE                 ; Untyped                        ;
; RDCONTROL_ACLR_B                   ; NONE                 ; Untyped                        ;
; BYTEENA_ACLR_B                     ; NONE                 ; Untyped                        ;
; WIDTH_BYTEENA_A                    ; 1                    ; Untyped                        ;
; WIDTH_BYTEENA_B                    ; 1                    ; Untyped                        ;
; RAM_BLOCK_TYPE                     ; AUTO                 ; Untyped                        ;
; BYTE_SIZE                          ; 8                    ; Untyped                        ;
; READ_DURING_WRITE_MODE_MIXED_PORTS ; DONT_CARE            ; Untyped                        ;
; READ_DURING_WRITE_MODE_PORT_A      ; NEW_DATA_NO_NBE_READ ; Untyped                        ;
; READ_DURING_WRITE_MODE_PORT_B      ; NEW_DATA_NO_NBE_READ ; Untyped                        ;
; INIT_FILE                          ; ROM.mif              ; Untyped                        ;
; INIT_FILE_LAYOUT                   ; PORT_A               ; Untyped                        ;
; MAXIMUM_DEPTH                      ; 0                    ; Untyped                        ;
; CLOCK_ENABLE_INPUT_A               ; BYPASS               ; Untyped                        ;
; CLOCK_ENABLE_INPUT_B               ; NORMAL               ; Untyped                        ;
; CLOCK_ENABLE_OUTPUT_A              ; BYPASS               ; Untyped                        ;
; CLOCK_ENABLE_OUTPUT_B              ; NORMAL               ; Untyped                        ;
; CLOCK_ENABLE_CORE_A                ; USE_INPUT_CLKEN      ; Untyped                        ;
; CLOCK_ENABLE_CORE_B                ; USE_INPUT_CLKEN      ; Untyped                        ;
; ENABLE_ECC                         ; FALSE                ; Untyped                        ;
; DEVICE_FAMILY                      ; Stratix II           ; Untyped                        ;
; CBXI_PARAMETER                     ; altsyncram_7g71      ; Untyped                        ;
+------------------------------------+----------------------+--------------------------------+
Note: In order to hide this table in the UI and the text report file, please set the "Show Parameter Settings Tables in Synthesis Report" option in "Analysis and Synthesis Settings -> More Settings" to "Off".


+-------------------------------------------------------------------------------------------+
; altsyncram Parameter Settings by Entity Instance                                          ;
+-------------------------------------------+-----------------------------------------------+
; Name                                      ; Value                                         ;
+-------------------------------------------+-----------------------------------------------+
; Number of entity instances                ; 1                                             ;
; Entity Instance                           ; lpm_rom0:inst|altsyncram:altsyncram_component ;
;     -- OPERATION_MODE                     ; ROM                                           ;
;     -- WIDTH_A                            ; 9                                             ;
;     -- NUMWORDS_A                         ; 64                                            ;
;     -- OUTDATA_REG_A                      ; UNREGISTERED                                  ;
;     -- WIDTH_B                            ; 1                                             ;
;     -- NUMWORDS_B                         ; 1                                             ;
;     -- ADDRESS_REG_B                      ; CLOCK1                                        ;
;     -- OUTDATA_REG_B                      ; UNREGISTERED                                  ;
;     -- RAM_BLOCK_TYPE                     ; AUTO                                          ;
;     -- READ_DURING_WRITE_MODE_MIXED_PORTS ; DONT_CARE                                     ;
+-------------------------------------------+-----------------------------------------------+


+-------------------------------+
; Analysis & Synthesis Messages ;
+-------------------------------+
Info: *******************************************************************
Info: Running Quartus II Analysis & Synthesis
    Info: Version 9.1 Build 350 03/24/2010 Service Pack 2 SJ Web Edition
    Info: Processing started: Tue Oct 13 10:39:51 2020
Info: Command: quartus_map --read_settings_files=on --write_settings_files=off Lab4 -c Lab4
Info: Found 1 design units, including 1 entities, in source file lpm_add_sub0.tdf
    Info: Found entity 1: lpm_add_sub0
Info: Found 1 design units, including 1 entities, in source file lpm_bustri0.tdf
    Info: Found entity 1: lpm_bustri0
Info: Found 1 design units, including 1 entities, in source file lpm_bustri1.tdf
    Info: Found entity 1: lpm_bustri1
Info: Found 1 design units, including 1 entities, in source file lpm_compare0.tdf
    Info: Found entity 1: lpm_compare0
Info: Found 1 design units, including 1 entities, in source file lpm_compare5.tdf
    Info: Found entity 1: lpm_compare5
Info: Found 1 design units, including 1 entities, in source file lpm_compare6.tdf
    Info: Found entity 1: lpm_compare6
Info: Found 1 design units, including 1 entities, in source file lpm_compare8.tdf
    Info: Found entity 1: lpm_compare8
Info: Found 1 design units, including 1 entities, in source file lpm_compare9.tdf
    Info: Found entity 1: lpm_compare9
Info: Found 1 design units, including 1 entities, in source file lpm_counter0.tdf
    Info: Found entity 1: lpm_counter0
Info: Found 1 design units, including 1 entities, in source file lpm_counter2.tdf
    Info: Found entity 1: lpm_counter2
Info: Found 1 design units, including 1 entities, in source file lpm_decode0.tdf
    Info: Found entity 1: lpm_decode0
Info: Found 1 design units, including 1 entities, in source file lpm_dff0.tdf
    Info: Found entity 1: lpm_dff0
Info: Found 1 design units, including 1 entities, in source file lpm_ram_dq0.tdf
    Info: Found entity 1: lpm_ram_dq0
Info: Found 1 design units, including 1 entities, in source file lpm_rom0.tdf
    Info: Found entity 1: lpm_rom0
Info: Found 1 design units, including 1 entities, in source file ram.bdf
    Info: Found entity 1: RAM
Info: Found 1 design units, including 1 entities, in source file rom.bdf
    Info: Found entity 1: ROM
Info: Found 1 design units, including 1 entities, in source file lab4.bdf
    Info: Found entity 1: Lab4
Info: Found 1 design units, including 1 entities, in source file reg.bdf
    Info: Found entity 1: REG
Info: Elaborating entity "ROM" for the top level hierarchy
Warning: Block or symbol "lpm_compare0" of instance "inst5" overlaps another block or symbol
Warning: Block or symbol "lpm_rom0" of instance "inst" overlaps another block or symbol
Warning: Block or symbol "lpm_bustri0" of instance "inst8" overlaps another block or symbol
Info: Elaborating entity "lpm_compare0" for hierarchy "lpm_compare0:inst5"
Info: Elaborating entity "lpm_compare" for hierarchy "lpm_compare0:inst5|lpm_compare:lpm_compare_component"
Info: Elaborated megafunction instantiation "lpm_compare0:inst5|lpm_compare:lpm_compare_component"
Info: Instantiated megafunction "lpm_compare0:inst5|lpm_compare:lpm_compare_component" with the following parameter:
    Info: Parameter "LPM_TYPE" = "LPM_COMPARE"
    Info: Parameter "LPM_HINT" = "ONE_INPUT_IS_CONSTANT=YES"
    Info: Parameter "LPM_WIDTH" = "6"
    Info: Parameter "LPM_REPRESENTATION" = "UNSIGNED"
Info: Found 1 design units, including 1 entities, in source file db/cmpr_k8j.tdf
    Info: Found entity 1: cmpr_k8j
Info: Elaborating entity "cmpr_k8j" for hierarchy "lpm_compare0:inst5|lpm_compare:lpm_compare_component|cmpr_k8j:auto_generated"
Info: Elaborating entity "lpm_counter0" for hierarchy "lpm_counter0:inst1"
Info: Elaborating entity "lpm_counter" for hierarchy "lpm_counter0:inst1|lpm_counter:lpm_counter_component"
Info: Elaborated megafunction instantiation "lpm_counter0:inst1|lpm_counter:lpm_counter_component"
Info: Instantiated megafunction "lpm_counter0:inst1|lpm_counter:lpm_counter_component" with the following parameter:
    Info: Parameter "LPM_TYPE" = "LPM_COUNTER"
    Info: Parameter "LPM_WIDTH" = "6"
    Info: Parameter "LPM_DIRECTION" = "UP"
    Info: Parameter "LPM_PORT_UPDOWN" = "PORT_UNUSED"
Info: Found 1 design units, including 1 entities, in source file db/cntr_94i.tdf
    Info: Found entity 1: cntr_94i
Info: Elaborating entity "cntr_94i" for hierarchy "lpm_counter0:inst1|lpm_counter:lpm_counter_component|cntr_94i:auto_generated"
Info: Elaborating entity "lpm_add_sub0" for hierarchy "lpm_add_sub0:inst2"
Info: Elaborating entity "lpm_add_sub" for hierarchy "lpm_add_sub0:inst2|lpm_add_sub:lpm_add_sub_component"
Info: Elaborated megafunction instantiation "lpm_add_sub0:inst2|lpm_add_sub:lpm_add_sub_component"
Info: Instantiated megafunction "lpm_add_sub0:inst2|lpm_add_sub:lpm_add_sub_component" with the following parameter:
    Info: Parameter "LPM_TYPE" = "LPM_ADD_SUB"
    Info: Parameter "LPM_HINT" = "ONE_INPUT_IS_CONSTANT=NO,CIN_USED=NO"
    Info: Parameter "LPM_WIDTH" = "6"
    Info: Parameter "LPM_REPRESENTATION" = "UNSIGNED"
    Info: Parameter "LPM_DIRECTION" = "ADD"
Info: Found 1 design units, including 1 entities, in source file db/add_sub_clh.tdf
    Info: Found entity 1: add_sub_clh
Info: Elaborating entity "add_sub_clh" for hierarchy "lpm_add_sub0:inst2|lpm_add_sub:lpm_add_sub_component|add_sub_clh:auto_generated"
Info: Elaborating entity "lpm_bustri0" for hierarchy "lpm_bustri0:inst8"
Info: Elaborating entity "lpm_bustri" for hierarchy "lpm_bustri0:inst8|lpm_bustri:lpm_bustri_component"
Info: Elaborated megafunction instantiation "lpm_bustri0:inst8|lpm_bustri:lpm_bustri_component"
Info: Instantiated megafunction "lpm_bustri0:inst8|lpm_bustri:lpm_bustri_component" with the following parameter:
    Info: Parameter "LPM_TYPE" = "LPM_BUSTRI"
    Info: Parameter "LPM_WIDTH" = "9"
Info: Elaborating entity "lpm_rom0" for hierarchy "lpm_rom0:inst"
Info: Elaborating entity "altsyncram" for hierarchy "lpm_rom0:inst|altsyncram:altsyncram_component"
Info: Elaborated megafunction instantiation "lpm_rom0:inst|altsyncram:altsyncram_component"
Info: Instantiated megafunction "lpm_rom0:inst|altsyncram:altsyncram_component" with the following parameter:
    Info: Parameter "LPM_TYPE" = "altsyncram"
    Info: Parameter "LPM_HINT" = "ENABLE_RUNTIME_MOD=NO"
    Info: Parameter "INTENDED_DEVICE_FAMILY" = "Stratix II"
    Info: Parameter "OPERATION_MODE" = "ROM"
    Info: Parameter "WIDTH_A" = "9"
    Info: Parameter "WIDTHAD_A" = "6"
    Info: Parameter "NUMWORDS_A" = "64"
    Info: Parameter "OUTDATA_REG_A" = "UNREGISTERED"
    Info: Parameter "OUTDATA_ACLR_A" = "NONE"
    Info: Parameter "INIT_FILE" = "ROM.mif"
    Info: Parameter "WIDTH_BYTEENA_A" = "1"
    Info: Parameter "CLOCK_ENABLE_INPUT_A" = "BYPASS"
    Info: Parameter "CLOCK_ENABLE_OUTPUT_A" = "BYPASS"
Info: Found 1 design units, including 1 entities, in source file db/altsyncram_7g71.tdf
    Info: Found entity 1: altsyncram_7g71
Info: Elaborating entity "altsyncram_7g71" for hierarchy "lpm_rom0:inst|altsyncram:altsyncram_component|altsyncram_7g71:auto_generated"
Warning: Design contains 4 input pin(s) that do not drive logic
    Warning (15610): No output dependent on input pin "control[6]"
    Warning (15610): No output dependent on input pin "control[5]"
    Warning (15610): No output dependent on input pin "control[4]"
    Warning (15610): No output dependent on input pin "control[3]"
Info: Implemented 59 device resources after synthesis - the final resource count might be different
    Info: Implemented 13 input pins
    Info: Implemented 22 output pins
    Info: Implemented 15 logic cells
    Info: Implemented 9 RAM segments
Info: Quartus II Analysis & Synthesis was successful. 0 errors, 8 warnings
    Info: Peak virtual memory: 243 megabytes
    Info: Processing ended: Tue Oct 13 10:39:52 2020
    Info: Elapsed time: 00:00:01
    Info: Total CPU time (on all processors): 00:00:02


