Analysis & Synthesis report for Lab5
Sun Nov 08 19:08:00 2020
Quartus II Version 9.1 Build 350 03/24/2010 Service Pack 2 SJ Web Edition


---------------------
; Table of Contents ;
---------------------
  1. Legal Notice
  2. Analysis & Synthesis Summary
  3. Analysis & Synthesis Settings
  4. Parallel Compilation
  5. Analysis & Synthesis Source Files Read
  6. Analysis & Synthesis Resource Usage Summary
  7. Analysis & Synthesis Resource Utilization by Entity
  8. General Register Statistics
  9. Source assignments for lpm_counter0:inst11|lpm_counter:lpm_counter_component
 10. Source assignments for lpm_counter0:inst4|lpm_counter:lpm_counter_component
 11. Parameter Settings for User Entity Instance: lpm_decode0:inst5|lpm_decode:lpm_decode_component
 12. Parameter Settings for User Entity Instance: lpm_compare0:inst22|lpm_compare:lpm_compare_component
 13. Parameter Settings for User Entity Instance: lpm_counter0:inst11|lpm_counter:lpm_counter_component
 14. Parameter Settings for User Entity Instance: lpm_counter0:inst4|lpm_counter:lpm_counter_component
 15. Analysis & Synthesis Messages



----------------
; Legal Notice ;
----------------
Copyright (C) 1991-2010 Altera Corporation
Your use of Altera Corporation's design tools, logic functions 
and other software and tools, and its AMPP partner logic 
functions, and any output files from any of the foregoing 
(including device programming or simulation files), and any 
associated documentation or information are expressly subject 
to the terms and conditions of the Altera Program License 
Subscription Agreement, Altera MegaCore Function License 
Agreement, or other applicable license agreement, including, 
without limitation, that your use is for the sole purpose of 
programming logic devices manufactured by Altera and sold by 
Altera or its authorized distributors.  Please refer to the 
applicable agreement for further details.



+------------------------------------------------------------------------------+
; Analysis & Synthesis Summary                                                 ;
+-------------------------------+----------------------------------------------+
; Analysis & Synthesis Status   ; Successful - Sun Nov 08 19:08:00 2020        ;
; Quartus II Version            ; 9.1 Build 350 03/24/2010 SP 2 SJ Web Edition ;
; Revision Name                 ; Lab5                                         ;
; Top-level Entity Name         ; Arbiter                                      ;
; Family                        ; Stratix II                                   ;
; Logic utilization             ; N/A                                          ;
;     Combinational ALUTs       ; 20                                           ;
;     Dedicated logic registers ; 8                                            ;
; Total registers               ; 8                                            ;
; Total pins                    ; 11                                           ;
; Total virtual pins            ; 0                                            ;
; Total block memory bits       ; 0                                            ;
; DSP block 9-bit elements      ; 0                                            ;
; Total PLLs                    ; 0                                            ;
; Total DLLs                    ; 0                                            ;
+-------------------------------+----------------------------------------------+


+----------------------------------------------------------------------------------------------------------------------+
; Analysis & Synthesis Settings                                                                                        ;
+----------------------------------------------------------------------------+--------------------+--------------------+
; Option                                                                     ; Setting            ; Default Value      ;
+----------------------------------------------------------------------------+--------------------+--------------------+
; Top-level entity name                                                      ; Arbiter            ; Lab5               ;
; Family name                                                                ; Stratix II         ; Stratix II         ;
; Use Generated Physical Constraints File                                    ; Off                ;                    ;
; Use smart compilation                                                      ; Off                ; Off                ;
; Enable parallel Assembler and TimeQuest Timing Analyzer during compilation ; On                 ; On                 ;
; Enable compact report table                                                ; Off                ; Off                ;
; Restructure Multiplexers                                                   ; Auto               ; Auto               ;
; Create Debugging Nodes for IP Cores                                        ; Off                ; Off                ;
; Preserve fewer node names                                                  ; On                 ; On                 ;
; Disable OpenCore Plus hardware evaluation                                  ; Off                ; Off                ;
; Verilog Version                                                            ; Verilog_2001       ; Verilog_2001       ;
; VHDL Version                                                               ; VHDL_1993          ; VHDL_1993          ;
; State Machine Processing                                                   ; Auto               ; Auto               ;
; Safe State Machine                                                         ; Off                ; Off                ;
; Extract Verilog State Machines                                             ; On                 ; On                 ;
; Extract VHDL State Machines                                                ; On                 ; On                 ;
; Ignore Verilog initial constructs                                          ; Off                ; Off                ;
; Iteration limit for constant Verilog loops                                 ; 5000               ; 5000               ;
; Iteration limit for non-constant Verilog loops                             ; 250                ; 250                ;
; Add Pass-Through Logic to Inferred RAMs                                    ; On                 ; On                 ;
; Parallel Synthesis                                                         ; On                 ; On                 ;
; DSP Block Balancing                                                        ; Auto               ; Auto               ;
; NOT Gate Push-Back                                                         ; On                 ; On                 ;
; Power-Up Don't Care                                                        ; On                 ; On                 ;
; Remove Redundant Logic Cells                                               ; Off                ; Off                ;
; Remove Duplicate Registers                                                 ; On                 ; On                 ;
; Ignore CARRY Buffers                                                       ; Off                ; Off                ;
; Ignore CASCADE Buffers                                                     ; Off                ; Off                ;
; Ignore GLOBAL Buffers                                                      ; Off                ; Off                ;
; Ignore ROW GLOBAL Buffers                                                  ; Off                ; Off                ;
; Ignore LCELL Buffers                                                       ; Off                ; Off                ;
; Ignore SOFT Buffers                                                        ; On                 ; On                 ;
; Limit AHDL Integers to 32 Bits                                             ; Off                ; Off                ;
; Optimization Technique                                                     ; Balanced           ; Balanced           ;
; Carry Chain Length                                                         ; 70                 ; 70                 ;
; Auto Carry Chains                                                          ; On                 ; On                 ;
; Auto Open-Drain Pins                                                       ; On                 ; On                 ;
; Perform WYSIWYG Primitive Resynthesis                                      ; Off                ; Off                ;
; Auto ROM Replacement                                                       ; On                 ; On                 ;
; Auto RAM Replacement                                                       ; On                 ; On                 ;
; Auto DSP Block Replacement                                                 ; On                 ; On                 ;
; Auto Shift Register Replacement                                            ; Auto               ; Auto               ;
; Auto Clock Enable Replacement                                              ; On                 ; On                 ;
; Strict RAM Replacement                                                     ; Off                ; Off                ;
; Allow Synchronous Control Signals                                          ; On                 ; On                 ;
; Force Use of Synchronous Clear Signals                                     ; Off                ; Off                ;
; Auto RAM Block Balancing                                                   ; On                 ; On                 ;
; Auto RAM to Logic Cell Conversion                                          ; Off                ; Off                ;
; Auto Resource Sharing                                                      ; Off                ; Off                ;
; Allow Any RAM Size For Recognition                                         ; Off                ; Off                ;
; Allow Any ROM Size For Recognition                                         ; Off                ; Off                ;
; Allow Any Shift Register Size For Recognition                              ; Off                ; Off                ;
; Use LogicLock Constraints during Resource Balancing                        ; On                 ; On                 ;
; Ignore translate_off and synthesis_off directives                          ; Off                ; Off                ;
; Timing-Driven Synthesis                                                    ; Off                ; Off                ;
; Show Parameter Settings Tables in Synthesis Report                         ; On                 ; On                 ;
; Ignore Maximum Fan-Out Assignments                                         ; Off                ; Off                ;
; Synchronization Register Chain Length                                      ; 2                  ; 2                  ;
; PowerPlay Power Optimization                                               ; Normal compilation ; Normal compilation ;
; HDL message level                                                          ; Level2             ; Level2             ;
; Suppress Register Optimization Related Messages                            ; Off                ; Off                ;
; Number of Removed Registers Reported in Synthesis Report                   ; 5000               ; 5000               ;
; Number of Inverted Registers Reported in Synthesis Report                  ; 100                ; 100                ;
; Clock MUX Protection                                                       ; On                 ; On                 ;
; Auto Gated Clock Conversion                                                ; Off                ; Off                ;
; Block Design Naming                                                        ; Auto               ; Auto               ;
; SDC constraint protection                                                  ; Off                ; Off                ;
; Synthesis Effort                                                           ; Auto               ; Auto               ;
; Shift Register Replacement - Allow Asynchronous Clear Signal               ; On                 ; On                 ;
; Analysis & Synthesis Message Level                                         ; Medium             ; Medium             ;
; Disable Register Merging Across Hierarchies                                ; Auto               ; Auto               ;
; Resource Aware Inference For Block RAM                                     ; On                 ; On                 ;
+----------------------------------------------------------------------------+--------------------+--------------------+


Parallel compilation was disabled, but you have multiple processors available. Enable parallel compilation to reduce compilation time.
+-------------------------------------+
; Parallel Compilation                ;
+----------------------------+--------+
; Processors                 ; Number ;
+----------------------------+--------+
; Number detected on machine ; 4      ;
; Maximum allowed            ; 1      ;
+----------------------------+--------+


+-----------------------------------------------------------------------------------------------------------------------------------------------------------+
; Analysis & Synthesis Source Files Read                                                                                                                    ;
+----------------------------------+-----------------+------------------------------------+-----------------------------------------------------------------+
; File Name with User-Entered Path ; Used in Netlist ; File Type                          ; File Name with Absolute Path                                    ;
+----------------------------------+-----------------+------------------------------------+-----------------------------------------------------------------+
; Arbiter.bdf                      ; yes             ; User Block Diagram/Schematic File  ; C:/altera/91sp2/quartus/SiFO/Lab5/Arbiter.bdf                   ;
; lpm_decode0.tdf                  ; yes             ; Auto-Found Wizard-Generated File   ; C:/altera/91sp2/quartus/SiFO/Lab5/lpm_decode0.tdf               ;
; lpm_decode.inc                   ; yes             ; Megafunction                       ; c:/altera/91sp2/quartus/libraries/megafunctions/lpm_decode.inc  ;
; lpm_decode.tdf                   ; yes             ; Megafunction                       ; c:/altera/91sp2/quartus/libraries/megafunctions/lpm_decode.tdf  ;
; lpm_compare.inc                  ; yes             ; Megafunction                       ; c:/altera/91sp2/quartus/libraries/megafunctions/lpm_compare.inc ;
; db/decode_5sf.tdf                ; yes             ; Auto-Generated Megafunction        ; C:/altera/91sp2/quartus/SiFO/Lab5/db/decode_5sf.tdf             ;
; lpm_compare0.tdf                 ; yes             ; Auto-Found Wizard-Generated File   ; C:/altera/91sp2/quartus/SiFO/Lab5/lpm_compare0.tdf              ;
; lpm_compare.tdf                  ; yes             ; Megafunction                       ; c:/altera/91sp2/quartus/libraries/megafunctions/lpm_compare.tdf ;
; db/cmpr_h8j.tdf                  ; yes             ; Auto-Generated Megafunction        ; C:/altera/91sp2/quartus/SiFO/Lab5/db/cmpr_h8j.tdf               ;
; lpm_counter0.tdf                 ; yes             ; Auto-Found Wizard-Generated File   ; C:/altera/91sp2/quartus/SiFO/Lab5/lpm_counter0.tdf              ;
; lpm_counter.inc                  ; yes             ; Megafunction                       ; c:/altera/91sp2/quartus/libraries/megafunctions/lpm_counter.inc ;
; lpm_counter.tdf                  ; yes             ; Megafunction                       ; c:/altera/91sp2/quartus/libraries/megafunctions/lpm_counter.tdf ;
; db/cntr_ljl.tdf                  ; yes             ; Auto-Generated Megafunction        ; C:/altera/91sp2/quartus/SiFO/Lab5/db/cntr_ljl.tdf               ;
+----------------------------------+-----------------+------------------------------------+-----------------------------------------------------------------+


+----------------------------------------------------------------------------------------------------------------------------------------+
; Analysis & Synthesis Resource Usage Summary                                                                                            ;
+-----------------------------------------------+----------------------------------------------------------------------------------------+
; Resource                                      ; Usage                                                                                  ;
+-----------------------------------------------+----------------------------------------------------------------------------------------+
; Estimated ALUTs Used                          ; 20                                                                                     ;
; Dedicated logic registers                     ; 8                                                                                      ;
;                                               ;                                                                                        ;
; Estimated ALUTs Unavailable                   ; 0                                                                                      ;
;                                               ;                                                                                        ;
; Total combinational functions                 ; 20                                                                                     ;
; Combinational ALUT usage by number of inputs  ;                                                                                        ;
;     -- 7 input functions                      ; 0                                                                                      ;
;     -- 6 input functions                      ; 0                                                                                      ;
;     -- 5 input functions                      ; 10                                                                                     ;
;     -- 4 input functions                      ; 0                                                                                      ;
;     -- <=3 input functions                    ; 10                                                                                     ;
;                                               ;                                                                                        ;
; Combinational ALUTs by mode                   ;                                                                                        ;
;     -- normal mode                            ; 14                                                                                     ;
;     -- extended LUT mode                      ; 0                                                                                      ;
;     -- arithmetic mode                        ; 6                                                                                      ;
;     -- shared arithmetic mode                 ; 0                                                                                      ;
;                                               ;                                                                                        ;
; Estimated ALUT/register pairs used            ; 20                                                                                     ;
;                                               ;                                                                                        ;
; Total registers                               ; 8                                                                                      ;
;     -- Dedicated logic registers              ; 8                                                                                      ;
;     -- I/O registers                          ; 0                                                                                      ;
;                                               ;                                                                                        ;
; Estimated ALMs:  partially or completely used ; 10                                                                                     ;
;                                               ;                                                                                        ;
; I/O pins                                      ; 11                                                                                     ;
; Maximum fan-out node                          ; lpm_counter0:inst4|lpm_counter:lpm_counter_component|cntr_ljl:auto_generated|safe_q[0] ;
; Maximum fan-out                               ; 10                                                                                     ;
; Total fan-out                                 ; 100                                                                                    ;
; Average fan-out                               ; 2.56                                                                                   ;
+-----------------------------------------------+----------------------------------------------------------------------------------------+


+---------------------------------------------------------------------------------------------------------------------------------------------------------------------------------------------------------------------------------------------------------------------------------+
; Analysis & Synthesis Resource Utilization by Entity                                                                                                                                                                                                                             ;
+-------------------------------------------+-------------------+--------------+-------------------+--------------+---------+-----------+-----------+------+--------------+----------------------------------------------------------------------------------------+--------------+
; Compilation Hierarchy Node                ; LC Combinationals ; LC Registers ; Block Memory Bits ; DSP Elements ; DSP 9x9 ; DSP 18x18 ; DSP 36x36 ; Pins ; Virtual Pins ; Full Hierarchy Name                                                                    ; Library Name ;
+-------------------------------------------+-------------------+--------------+-------------------+--------------+---------+-----------+-----------+------+--------------+----------------------------------------------------------------------------------------+--------------+
; |Arbiter                                  ; 20 (9)            ; 8 (2)        ; 0                 ; 0            ; 0       ; 0         ; 0         ; 11   ; 0            ; |Arbiter                                                                               ; work         ;
;    |lpm_compare0:inst22|                  ; 1 (0)             ; 0 (0)        ; 0                 ; 0            ; 0       ; 0         ; 0         ; 0    ; 0            ; |Arbiter|lpm_compare0:inst22                                                           ; work         ;
;       |lpm_compare:lpm_compare_component| ; 1 (0)             ; 0 (0)        ; 0                 ; 0            ; 0       ; 0         ; 0         ; 0    ; 0            ; |Arbiter|lpm_compare0:inst22|lpm_compare:lpm_compare_component                         ; work         ;
;          |cmpr_h8j:auto_generated|        ; 1 (1)             ; 0 (0)        ; 0                 ; 0            ; 0       ; 0         ; 0         ; 0    ; 0            ; |Arbiter|lpm_compare0:inst22|lpm_compare:lpm_compare_component|cmpr_h8j:auto_generated ; work         ;
;    |lpm_counter0:inst11|                  ; 3 (0)             ; 3 (0)        ; 0                 ; 0            ; 0       ; 0         ; 0         ; 0    ; 0            ; |Arbiter|lpm_counter0:inst11                                                           ; work         ;
;       |lpm_counter:lpm_counter_component| ; 3 (0)             ; 3 (0)        ; 0                 ; 0            ; 0       ; 0         ; 0         ; 0    ; 0            ; |Arbiter|lpm_counter0:inst11|lpm_counter:lpm_counter_component                         ; work         ;
;          |cntr_ljl:auto_generated|        ; 3 (3)             ; 3 (3)        ; 0                 ; 0            ; 0       ; 0         ; 0         ; 0    ; 0            ; |Arbiter|lpm_counter0:inst11|lpm_counter:lpm_counter_component|cntr_ljl:auto_generated ;              ;
;    |lpm_counter0:inst4|                   ; 7 (0)             ; 3 (0)        ; 0                 ; 0            ; 0       ; 0         ; 0         ; 0    ; 0            ; |Arbiter|lpm_counter0:inst4                                                            ; work         ;
;       |lpm_counter:lpm_counter_component| ; 7 (0)             ; 3 (0)        ; 0                 ; 0            ; 0       ; 0         ; 0         ; 0    ; 0            ; |Arbiter|lpm_counter0:inst4|lpm_counter:lpm_counter_component                          ;              ;
;          |cntr_ljl:auto_generated|        ; 7 (7)             ; 3 (3)        ; 0                 ; 0            ; 0       ; 0         ; 0         ; 0    ; 0            ; |Arbiter|lpm_counter0:inst4|lpm_counter:lpm_counter_component|cntr_ljl:auto_generated  ; work         ;
+-------------------------------------------+-------------------+--------------+-------------------+--------------+---------+-----------+-----------+------+--------------+----------------------------------------------------------------------------------------+--------------+
Note: For table entries with two numbers listed, the numbers in parentheses indicate the number of resources of the given type used by the specific entity alone. The numbers listed outside of parentheses indicate the total resources of the given type used by the specific entity and all of its sub-entities in the hierarchy.


+------------------------------------------------------+
; General Register Statistics                          ;
+----------------------------------------------+-------+
; Statistic                                    ; Value ;
+----------------------------------------------+-------+
; Total registers                              ; 8     ;
; Number of registers using Synchronous Clear  ; 0     ;
; Number of registers using Synchronous Load   ; 0     ;
; Number of registers using Asynchronous Clear ; 1     ;
; Number of registers using Asynchronous Load  ; 3     ;
; Number of registers using Clock Enable       ; 6     ;
; Number of registers using Preset             ; 0     ;
+----------------------------------------------+-------+


+------------------------------------------------------------------------------+
; Source assignments for lpm_counter0:inst11|lpm_counter:lpm_counter_component ;
+---------------------------+-------+------+-----------------------------------+
; Assignment                ; Value ; From ; To                                ;
+---------------------------+-------+------+-----------------------------------+
; SUPPRESS_DA_RULE_INTERNAL ; a101  ; -    ; -                                 ;
; SUPPRESS_DA_RULE_INTERNAL ; s102  ; -    ; -                                 ;
; SUPPRESS_DA_RULE_INTERNAL ; s103  ; -    ; -                                 ;
+---------------------------+-------+------+-----------------------------------+


+-----------------------------------------------------------------------------+
; Source assignments for lpm_counter0:inst4|lpm_counter:lpm_counter_component ;
+---------------------------+-------+------+----------------------------------+
; Assignment                ; Value ; From ; To                               ;
+---------------------------+-------+------+----------------------------------+
; SUPPRESS_DA_RULE_INTERNAL ; a101  ; -    ; -                                ;
; SUPPRESS_DA_RULE_INTERNAL ; s102  ; -    ; -                                ;
; SUPPRESS_DA_RULE_INTERNAL ; s103  ; -    ; -                                ;
+---------------------------+-------+------+----------------------------------+


+------------------------------------------------------------------------------------------------+
; Parameter Settings for User Entity Instance: lpm_decode0:inst5|lpm_decode:lpm_decode_component ;
+------------------------+------------+----------------------------------------------------------+
; Parameter Name         ; Value      ; Type                                                     ;
+------------------------+------------+----------------------------------------------------------+
; LPM_WIDTH              ; 3          ; Untyped                                                  ;
; LPM_DECODES            ; 8          ; Untyped                                                  ;
; LPM_PIPELINE           ; 0          ; Untyped                                                  ;
; CASCADE_CHAIN          ; MANUAL     ; Untyped                                                  ;
; DEVICE_FAMILY          ; Stratix II ; Untyped                                                  ;
; CBXI_PARAMETER         ; decode_5sf ; Untyped                                                  ;
; AUTO_CARRY_CHAINS      ; ON         ; AUTO_CARRY                                               ;
; IGNORE_CARRY_BUFFERS   ; OFF        ; IGNORE_CARRY                                             ;
; AUTO_CASCADE_CHAINS    ; ON         ; AUTO_CASCADE                                             ;
; IGNORE_CASCADE_BUFFERS ; OFF        ; IGNORE_CASCADE                                           ;
+------------------------+------------+----------------------------------------------------------+
Note: In order to hide this table in the UI and the text report file, please set the "Show Parameter Settings Tables in Synthesis Report" option in "Analysis and Synthesis Settings -> More Settings" to "Off".


+----------------------------------------------------------------------------------------------------+
; Parameter Settings for User Entity Instance: lpm_compare0:inst22|lpm_compare:lpm_compare_component ;
+------------------------+------------+--------------------------------------------------------------+
; Parameter Name         ; Value      ; Type                                                         ;
+------------------------+------------+--------------------------------------------------------------+
; lpm_width              ; 3          ; Untyped                                                      ;
; LPM_REPRESENTATION     ; UNSIGNED   ; Untyped                                                      ;
; LPM_PIPELINE           ; 0          ; Untyped                                                      ;
; CHAIN_SIZE             ; 8          ; Untyped                                                      ;
; ONE_INPUT_IS_CONSTANT  ; YES        ; Untyped                                                      ;
; CARRY_CHAIN            ; MANUAL     ; Untyped                                                      ;
; CASCADE_CHAIN          ; MANUAL     ; Untyped                                                      ;
; CARRY_CHAIN_LENGTH     ; 48         ; CARRY_CHAIN_LENGTH                                           ;
; CASCADE_CHAIN_LENGTH   ; 2          ; CASCADE_CHAIN_LENGTH                                         ;
; DEVICE_FAMILY          ; Stratix II ; Untyped                                                      ;
; CBXI_PARAMETER         ; cmpr_h8j   ; Untyped                                                      ;
; AUTO_CARRY_CHAINS      ; ON         ; AUTO_CARRY                                                   ;
; IGNORE_CARRY_BUFFERS   ; OFF        ; IGNORE_CARRY                                                 ;
; AUTO_CASCADE_CHAINS    ; ON         ; AUTO_CASCADE                                                 ;
; IGNORE_CASCADE_BUFFERS ; OFF        ; IGNORE_CASCADE                                               ;
+------------------------+------------+--------------------------------------------------------------+
Note: In order to hide this table in the UI and the text report file, please set the "Show Parameter Settings Tables in Synthesis Report" option in "Analysis and Synthesis Settings -> More Settings" to "Off".


+----------------------------------------------------------------------------------------------------+
; Parameter Settings for User Entity Instance: lpm_counter0:inst11|lpm_counter:lpm_counter_component ;
+------------------------+-------------+-------------------------------------------------------------+
; Parameter Name         ; Value       ; Type                                                        ;
+------------------------+-------------+-------------------------------------------------------------+
; AUTO_CARRY_CHAINS      ; ON          ; AUTO_CARRY                                                  ;
; IGNORE_CARRY_BUFFERS   ; OFF         ; IGNORE_CARRY                                                ;
; AUTO_CASCADE_CHAINS    ; ON          ; AUTO_CASCADE                                                ;
; IGNORE_CASCADE_BUFFERS ; OFF         ; IGNORE_CASCADE                                              ;
; LPM_WIDTH              ; 3           ; Untyped                                                     ;
; LPM_DIRECTION          ; UP          ; Untyped                                                     ;
; LPM_MODULUS            ; 0           ; Untyped                                                     ;
; LPM_AVALUE             ; 0           ; Untyped                                                     ;
; LPM_SVALUE             ; 1           ; Untyped                                                     ;
; LPM_PORT_UPDOWN        ; PORT_UNUSED ; Untyped                                                     ;
; DEVICE_FAMILY          ; Stratix II  ; Untyped                                                     ;
; CARRY_CHAIN            ; MANUAL      ; Untyped                                                     ;
; CARRY_CHAIN_LENGTH     ; 48          ; CARRY_CHAIN_LENGTH                                          ;
; NOT_GATE_PUSH_BACK     ; ON          ; NOT_GATE_PUSH_BACK                                          ;
; CARRY_CNT_EN           ; SMART       ; Untyped                                                     ;
; LABWIDE_SCLR           ; ON          ; Untyped                                                     ;
; USE_NEW_VERSION        ; TRUE        ; Untyped                                                     ;
; CBXI_PARAMETER         ; cntr_ljl    ; Untyped                                                     ;
+------------------------+-------------+-------------------------------------------------------------+
Note: In order to hide this table in the UI and the text report file, please set the "Show Parameter Settings Tables in Synthesis Report" option in "Analysis and Synthesis Settings -> More Settings" to "Off".


+---------------------------------------------------------------------------------------------------+
; Parameter Settings for User Entity Instance: lpm_counter0:inst4|lpm_counter:lpm_counter_component ;
+------------------------+-------------+------------------------------------------------------------+
; Parameter Name         ; Value       ; Type                                                       ;
+------------------------+-------------+------------------------------------------------------------+
; AUTO_CARRY_CHAINS      ; ON          ; AUTO_CARRY                                                 ;
; IGNORE_CARRY_BUFFERS   ; OFF         ; IGNORE_CARRY                                               ;
; AUTO_CASCADE_CHAINS    ; ON          ; AUTO_CASCADE                                               ;
; IGNORE_CASCADE_BUFFERS ; OFF         ; IGNORE_CASCADE                                             ;
; LPM_WIDTH              ; 3           ; Untyped                                                    ;
; LPM_DIRECTION          ; UP          ; Untyped                                                    ;
; LPM_MODULUS            ; 0           ; Untyped                                                    ;
; LPM_AVALUE             ; 0           ; Untyped                                                    ;
; LPM_SVALUE             ; 1           ; Untyped                                                    ;
; LPM_PORT_UPDOWN        ; PORT_UNUSED ; Untyped                                                    ;
; DEVICE_FAMILY          ; Stratix II  ; Untyped                                                    ;
; CARRY_CHAIN            ; MANUAL      ; Untyped                                                    ;
; CARRY_CHAIN_LENGTH     ; 48          ; CARRY_CHAIN_LENGTH                                         ;
; NOT_GATE_PUSH_BACK     ; ON          ; NOT_GATE_PUSH_BACK                                         ;
; CARRY_CNT_EN           ; SMART       ; Untyped                                                    ;
; LABWIDE_SCLR           ; ON          ; Untyped                                                    ;
; USE_NEW_VERSION        ; TRUE        ; Untyped                                                    ;
; CBXI_PARAMETER         ; cntr_ljl    ; Untyped                                                    ;
+------------------------+-------------+------------------------------------------------------------+
Note: In order to hide this table in the UI and the text report file, please set the "Show Parameter Settings Tables in Synthesis Report" option in "Analysis and Synthesis Settings -> More Settings" to "Off".


+-------------------------------+
; Analysis & Synthesis Messages ;
+-------------------------------+
Info: *******************************************************************
Info: Running Quartus II Analysis & Synthesis
    Info: Version 9.1 Build 350 03/24/2010 Service Pack 2 SJ Web Edition
    Info: Processing started: Sun Nov 08 19:07:58 2020
Info: Command: quartus_map --read_settings_files=on --write_settings_files=off Lab5 -c Lab5
Info: Found 1 design units, including 1 entities, in source file arbiter.bdf
    Info: Found entity 1: Arbiter
Info: Found 1 design units, including 1 entities, in source file lab5.bdf
    Info: Found entity 1: Lab5
Info: Found 1 design units, including 1 entities, in source file master0.bdf
    Info: Found entity 1: master0
Info: Found 1 design units, including 1 entities, in source file master1.bdf
    Info: Found entity 1: master1
Info: Found 1 design units, including 1 entities, in source file master2.bdf
    Info: Found entity 1: master2
Info: Found 1 design units, including 1 entities, in source file master3.bdf
    Info: Found entity 1: master3
Info: Found 1 design units, including 1 entities, in source file master4.bdf
    Info: Found entity 1: master4
Info: Found 1 design units, including 1 entities, in source file slave5.bdf
    Info: Found entity 1: slave5
Info: Found 1 design units, including 1 entities, in source file slave4.bdf
    Info: Found entity 1: slave4
Info: Found 1 design units, including 1 entities, in source file slave3.bdf
    Info: Found entity 1: slave3
Info: Found 1 design units, including 1 entities, in source file slave2.bdf
    Info: Found entity 1: slave2
Info: Found 1 design units, including 1 entities, in source file slave1.bdf
    Info: Found entity 1: slave1
Info: Found 1 design units, including 1 entities, in source file slave0.bdf
    Info: Found entity 1: slave0
Info: Elaborating entity "Arbiter" for the top level hierarchy
Warning: Using design file lpm_decode0.tdf, which is not specified as a design file for the current project, but contains definitions for 1 design units and 1 entities in project
    Info: Found entity 1: lpm_decode0
Info: Elaborating entity "lpm_decode0" for hierarchy "lpm_decode0:inst5"
Info: Elaborating entity "lpm_decode" for hierarchy "lpm_decode0:inst5|lpm_decode:lpm_decode_component"
Info: Elaborated megafunction instantiation "lpm_decode0:inst5|lpm_decode:lpm_decode_component"
Info: Instantiated megafunction "lpm_decode0:inst5|lpm_decode:lpm_decode_component" with the following parameter:
    Info: Parameter "LPM_TYPE" = "LPM_DECODE"
    Info: Parameter "LPM_WIDTH" = "3"
    Info: Parameter "LPM_DECODES" = "8"
Info: Found 1 design units, including 1 entities, in source file db/decode_5sf.tdf
    Info: Found entity 1: decode_5sf
Info: Elaborating entity "decode_5sf" for hierarchy "lpm_decode0:inst5|lpm_decode:lpm_decode_component|decode_5sf:auto_generated"
Warning: Using design file lpm_compare0.tdf, which is not specified as a design file for the current project, but contains definitions for 1 design units and 1 entities in project
    Info: Found entity 1: lpm_compare0
Info: Elaborating entity "lpm_compare0" for hierarchy "lpm_compare0:inst22"
Info: Elaborating entity "lpm_compare" for hierarchy "lpm_compare0:inst22|lpm_compare:lpm_compare_component"
Info: Elaborated megafunction instantiation "lpm_compare0:inst22|lpm_compare:lpm_compare_component"
Info: Instantiated megafunction "lpm_compare0:inst22|lpm_compare:lpm_compare_component" with the following parameter:
    Info: Parameter "LPM_TYPE" = "LPM_COMPARE"
    Info: Parameter "LPM_HINT" = "ONE_INPUT_IS_CONSTANT=YES"
    Info: Parameter "LPM_WIDTH" = "3"
    Info: Parameter "LPM_REPRESENTATION" = "UNSIGNED"
Info: Found 1 design units, including 1 entities, in source file db/cmpr_h8j.tdf
    Info: Found entity 1: cmpr_h8j
Info: Elaborating entity "cmpr_h8j" for hierarchy "lpm_compare0:inst22|lpm_compare:lpm_compare_component|cmpr_h8j:auto_generated"
Warning: Using design file lpm_counter0.tdf, which is not specified as a design file for the current project, but contains definitions for 1 design units and 1 entities in project
    Info: Found entity 1: lpm_counter0
Info: Elaborating entity "lpm_counter0" for hierarchy "lpm_counter0:inst11"
Info: Elaborating entity "lpm_counter" for hierarchy "lpm_counter0:inst11|lpm_counter:lpm_counter_component"
Info: Elaborated megafunction instantiation "lpm_counter0:inst11|lpm_counter:lpm_counter_component"
Info: Instantiated megafunction "lpm_counter0:inst11|lpm_counter:lpm_counter_component" with the following parameter:
    Info: Parameter "LPM_TYPE" = "LPM_COUNTER"
    Info: Parameter "LPM_WIDTH" = "3"
    Info: Parameter "LPM_DIRECTION" = "UP"
    Info: Parameter "LPM_AVALUE" = "0"
    Info: Parameter "LPM_SVALUE" = "1"
    Info: Parameter "LPM_PORT_UPDOWN" = "PORT_UNUSED"
Info: Found 1 design units, including 1 entities, in source file db/cntr_ljl.tdf
    Info: Found entity 1: cntr_ljl
Info: Elaborating entity "cntr_ljl" for hierarchy "lpm_counter0:inst11|lpm_counter:lpm_counter_component|cntr_ljl:auto_generated"
Info: Elaborating entity "lpm_counter0" for hierarchy "lpm_counter0:inst4"
Info: Implemented 31 device resources after synthesis - the final resource count might be different
    Info: Implemented 6 input pins
    Info: Implemented 5 output pins
    Info: Implemented 20 logic cells
Info: Quartus II Analysis & Synthesis was successful. 0 errors, 3 warnings
    Info: Peak virtual memory: 236 megabytes
    Info: Processing ended: Sun Nov 08 19:08:00 2020
    Info: Elapsed time: 00:00:02
    Info: Total CPU time (on all processors): 00:00:03


